CMU000001F,PRIMARY -> CMU001601F,HAPLOTIG
                   -> CMU001592F,HAPLOTIG
                   -> CMU002147F,HAPLOTIG

CMU000000F,PRIMARY -> CMU002221F,HAPLOTIG
                   -> CMU003021F,REPEAT
                   -> CMU003094F,HAPLOTIG

CMU000004F,PRIMARY -> CMU000329F,HAPLOTIG
                   -> CMU001648F,HAPLOTIG
                   -> CMU003081F,REPEAT

CMU000006F,PRIMARY -> CMU000469F,HAPLOTIG
                   -> CMU001296F,HAPLOTIG
                   -> CMU001394F,REPEAT
                   -> CMU002873F,HAPLOTIG

CMU000005F,PRIMARY -> CMU001226F,HAPLOTIG
                   -> CMU001422F,HAPLOTIG
                   -> CMU001615F,HAPLOTIG
                   -> CMU001776F,HAPLOTIG
                   -> CMU002926F,HAPLOTIG

CMU000007F,PRIMARY -> CMU001999F,HAPLOTIG
                   -> CMU002605F,HAPLOTIG
                   -> CMU003496F,HAPLOTIG

CMU000008F,PRIMARY -> CMU001053F,REPEAT
                   -> CMU001178F,HAPLOTIG
                   -> CMU001725F,HAPLOTIG

CMU000009F,PRIMARY -> CMU001086F,HAPLOTIG
                   -> CMU001559F,REPEAT
                   -> CMU002329F,HAPLOTIG
                   -> CMU003117F,HAPLOTIG
                   -> CMU003262F,REPEAT

CMU000012F,PRIMARY -> CMU001248F,HAPLOTIG
                   -> CMU001175F,HAPLOTIG
                   -> CMU001362F,HAPLOTIG
                   -> CMU001475F,REPEAT
                   -> CMU001333F,REPEAT
                   -> CMU001516F,REPEAT
                   -> CMU001557F,HAPLOTIG
                   -> CMU001694F,HAPLOTIG
                   -> CMU002242F,REPEAT
                   -> CMU002950F,REPEAT
                   -> CMU003513F,HAPLOTIG
                   -> CMU003579F,REPEAT

CMU000014F,PRIMARY -> CMU001476F,HAPLOTIG
                   -> CMU001679F,REPEAT
                   -> CMU001948F,REPEAT
                   -> CMU002539F,REPEAT
                   -> CMU002814F,REPEAT
                   -> CMU002736F,HAPLOTIG
                   -> CMU003033F,REPEAT
                   -> CMU003248F,HAPLOTIG

CMU000015F,PRIMARY -> CMU003272F,HAPLOTIG
                   -> CMU003346F,HAPLOTIG

CMU000016F,PRIMARY -> CMU002119F,HAPLOTIG
                   -> CMU002861F,HAPLOTIG

CMU000018F,PRIMARY -> CMU002677F,REPEAT
                   -> CMU002809F,HAPLOTIG

CMU000019F,PRIMARY -> CMU001069F,REPEAT
                   -> CMU001055F,REPEAT
                   -> CMU001187F,REPEAT
                   -> CMU002114F,HAPLOTIG
                   -> CMU002285F,HAPLOTIG
                   -> CMU002396F,REPEAT
                   -> CMU002782F,HAPLOTIG
                   -> CMU002570F,REPEAT
                   -> CMU002542F,REPEAT
                   -> CMU002919F,REPEAT
                   -> CMU002829F,REPEAT
                   -> CMU002944F,REPEAT
                   -> CMU002975F,REPEAT
                   -> CMU003289F,HAPLOTIG

CMU000017F,PRIMARY -> CMU001477F,HAPLOTIG
                   -> CMU002608F,HAPLOTIG

CMU000020F,PRIMARY -> CMU001909F,HAPLOTIG
                   -> CMU002843F,HAPLOTIG

CMU000025F,PRIMARY -> CMU001860F,HAPLOTIG
                   -> CMU002059F,HAPLOTIG
                   -> CMU002378F,HAPLOTIG
                   -> CMU002333F,REPEAT
                   -> CMU002425F,HAPLOTIG
                   -> CMU002985F,HAPLOTIG
                   -> CMU003116F,HAPLOTIG

CMU000021F,PRIMARY -> CMU000899F,HAPLOTIG
                   -> CMU001419F,HAPLOTIG
                   -> CMU001819F,HAPLOTIG
                   -> CMU002092F,HAPLOTIG
                   -> CMU002490F,HAPLOTIG
                   -> CMU002862F,HAPLOTIG

CMU000022F,PRIMARY -> CMU002346F,HAPLOTIG
                   -> CMU002575F,HAPLOTIG
                   -> CMU002826F,HAPLOTIG

CMU000024F,PRIMARY -> CMU001923F,HAPLOTIG
                   -> CMU003000F,HAPLOTIG

CMU000027F,PRIMARY -> CMU001602F,HAPLOTIG
                   -> CMU001894F,HAPLOTIG
                   -> CMU002031F,HAPLOTIG
                   -> CMU002384F,HAPLOTIG
                   -> CMU002640F,HAPLOTIG

CMU000034F,PRIMARY -> CMU002299F,HAPLOTIG
                   -> CMU003120F,HAPLOTIG

CMU000026F,PRIMARY -> CMU002827F,HAPLOTIG
                   -> CMU003109F,REPEAT
                   -> CMU003061F,HAPLOTIG

CMU000023F,PRIMARY -> CMU000759F,HAPLOTIG
                   -> CMU002126F,HAPLOTIG

CMU000032F,PRIMARY -> CMU001258F,HAPLOTIG

CMU000033F,PRIMARY -> CMU001229F,HAPLOTIG
                   -> CMU001570F,HAPLOTIG
                   -> CMU002150F,HAPLOTIG
                   -> CMU002205F,HAPLOTIG

CMU000037F,PRIMARY -> CMU001201F,HAPLOTIG
                   -> CMU001496F,HAPLOTIG
                   -> CMU001500F,HAPLOTIG
                   -> CMU001750F,HAPLOTIG
                   -> CMU001855F,HAPLOTIG
                   -> CMU002992F,REPEAT
                   -> CMU002888F,REPEAT
                   -> CMU000514F,REPEAT

CMU000028F,PRIMARY -> CMU001653F,HAPLOTIG
                   -> CMU002918F,HAPLOTIG

CMU000030F,PRIMARY -> CMU001140F,HAPLOTIG
                   -> CMU002261F,HAPLOTIG

CMU000035F,PRIMARY -> CMU002035F,HAPLOTIG

CMU000029F,PRIMARY -> CMU002107F,HAPLOTIG
                   -> CMU003164F,REPEAT

CMU000038F,PRIMARY -> CMU002125F,HAPLOTIG

CMU000044F,PRIMARY -> CMU002290F,HAPLOTIG
                   -> CMU002923F,HAPLOTIG

CMU000042F,PRIMARY -> CMU001676F,HAPLOTIG
                   -> CMU002664F,HAPLOTIG

CMU000039F,PRIMARY -> CMU001730F,HAPLOTIG
                   -> CMU000387F,HAPLOTIG

CMU000040F,PRIMARY -> CMU001240F,HAPLOTIG
                   -> CMU001748F,REPEAT

CMU000031F,PRIMARY -> CMU001703F,HAPLOTIG
                   -> CMU002339F,HAPLOTIG

CMU000041F,PRIMARY -> CMU001627F,HAPLOTIG
                   -> CMU002127F,HAPLOTIG

CMU000043F,PRIMARY -> CMU000707F,HAPLOTIG
                   -> CMU001236F,HAPLOTIG
                   -> CMU001919F,HAPLOTIG

CMU000049F,PRIMARY -> CMU000696F,HAPLOTIG
                   -> CMU000964F,HAPLOTIG
                   -> CMU000455F,HAPLOTIG

CMU000046F,PRIMARY -> CMU001638F,HAPLOTIG
                   -> CMU001654F,HAPLOTIG
                   -> CMU001935F,HAPLOTIG

CMU000045F,PRIMARY -> CMU001546F,HAPLOTIG

CMU000054F,PRIMARY -> CMU002791F,HAPLOTIG

CMU000048F,PRIMARY -> CMU001904F,HAPLOTIG
                   -> CMU002478F,HAPLOTIG

CMU000050F,PRIMARY -> CMU002970F,HAPLOTIG

CMU000052F,PRIMARY -> CMU001696F,HAPLOTIG
                   -> CMU001755F,HAPLOTIG

CMU000055F,PRIMARY -> CMU002018F,HAPLOTIG
                   -> CMU002090F,HAPLOTIG
                   -> CMU002473F,HAPLOTIG

CMU000060F,PRIMARY -> CMU002010F,HAPLOTIG
                   -> CMU002453F,HAPLOTIG

CMU000065F,PRIMARY -> CMU000849F,REPEAT
                   -> CMU002740F,HAPLOTIG
                   -> CMU003115F,REPEAT
                   -> CMU003174F,HAPLOTIG

CMU000053F,PRIMARY -> CMU001844F,HAPLOTIG

CMU000063F,PRIMARY -> CMU001141F,HAPLOTIG
                   -> CMU001732F,HAPLOTIG

CMU000062F,PRIMARY -> CMU003141F,REPEAT

CMU000067F,PRIMARY -> CMU000630F,HAPLOTIG
                   -> CMU002903F,HAPLOTIG

CMU000064F,PRIMARY -> CMU002606F,HAPLOTIG
                   -> CMU002959F,REPEAT

CMU000066F,PRIMARY -> CMU001996F,HAPLOTIG
                   -> CMU002142F,HAPLOTIG
                   -> CMU003402F,HAPLOTIG

CMU000072F,PRIMARY -> CMU001976F,HAPLOTIG

CMU000074F,PRIMARY -> CMU002117F,HAPLOTIG

CMU000069F,PRIMARY -> CMU001091F,HAPLOTIG
                   -> CMU001146F,HAPLOTIG
                   -> CMU002988F,HAPLOTIG

CMU000073F,PRIMARY -> CMU003437F,REPEAT

CMU000077F,PRIMARY -> CMU002540F,HAPLOTIG

CMU000075F,PRIMARY -> CMU001949F,HAPLOTIG

CMU000076F,PRIMARY -> CMU002517F,HAPLOTIG

CMU000083F,PRIMARY -> CMU000084F,REPEAT
                   -> CMU003176F,HAPLOTIG

CMU000079F,PRIMARY -> CMU001465F,REPEAT
                   -> CMU002731F,REPEAT
                   -> CMU003066F,REPEAT

CMU000082F,PRIMARY -> CMU001293F,HAPLOTIG
                   -> CMU001341F,HAPLOTIG
                   -> CMU001950F,HAPLOTIG
                   -> CMU001845F,HAPLOTIG
                   -> CMU002262F,HAPLOTIG
                   -> CMU003257F,HAPLOTIG

CMU000071F,PRIMARY -> CMU002260F,HAPLOTIG
                   -> CMU002551F,HAPLOTIG

CMU000090F,PRIMARY -> CMU002324F,HAPLOTIG
                   -> CMU002568F,HAPLOTIG
                   -> CMU002577F,HAPLOTIG

CMU000085F,PRIMARY -> CMU000828F,HAPLOTIG
                   -> CMU001737F,HAPLOTIG
                   -> CMU001692F,HAPLOTIG

CMU000080F,PRIMARY -> CMU001398F,HAPLOTIG
                   -> CMU002201F,HAPLOTIG
                   -> CMU003034F,HAPLOTIG

CMU000104F,PRIMARY -> CMU000435F,HAPLOTIG

CMU000093F,PRIMARY -> CMU000454F,HAPLOTIG

CMU000092F,PRIMARY -> CMU001084F,HAPLOTIG
                   -> CMU002043F,HAPLOTIG
                   -> CMU002068F,HAPLOTIG

CMU000087F,PRIMARY -> CMU001900F,HAPLOTIG
                   -> CMU001848F,HAPLOTIG
                   -> CMU002523F,HAPLOTIG

CMU000100F,PRIMARY -> CMU000978F,REPEAT
                   -> CMU001814F,HAPLOTIG

CMU000102F,PRIMARY -> CMU002296F,HAPLOTIG
                   -> CMU002499F,HAPLOTIG

CMU000106F,PRIMARY -> CMU002279F,HAPLOTIG
                   -> CMU002548F,HAPLOTIG
                   -> CMU002684F,HAPLOTIG

CMU000096F,PRIMARY -> CMU003420F,REPEAT
                   -> CMU003482F,HAPLOTIG

CMU000098F,PRIMARY -> CMU003048F,HAPLOTIG

CMU000103F,PRIMARY -> CMU001532F,HAPLOTIG
                   -> CMU002098F,REPEAT

CMU000099F,PRIMARY -> CMU002311F,HAPLOTIG
                   -> CMU002745F,HAPLOTIG
                   -> CMU003473F,REPEAT

CMU000089F,PRIMARY -> CMU003304F,HAPLOTIG

CMU000107F,PRIMARY -> CMU002695F,HAPLOTIG

CMU000109F,PRIMARY -> CMU001600F,HAPLOTIG
                   -> CMU002530F,HAPLOTIG

CMU000091F,PRIMARY -> CMU001302F,HAPLOTIG
                   -> CMU002099F,HAPLOTIG

CMU000120F,PRIMARY -> CMU001295F,HAPLOTIG
                   -> CMU000175F,HAPLOTIG
                   -> CMU002703F,HAPLOTIG

CMU000114F,PRIMARY -> CMU001803F,HAPLOTIG

CMU000110F,PRIMARY -> CMU002332F,HAPLOTIG

CMU000121F,PRIMARY -> CMU002120F,REPEAT
                   -> CMU002582F,REPEAT

CMU000117F,PRIMARY -> CMU001975F,HAPLOTIG

CMU000108F,PRIMARY -> CMU001668F,HAPLOTIG
                   -> CMU002948F,HAPLOTIG
                   -> CMU003560F,HAPLOTIG

CMU000125F,PRIMARY -> CMU002455F,HAPLOTIG
                   -> CMU002891F,HAPLOTIG

CMU000115F,PRIMARY -> CMU000592F,HAPLOTIG
                   -> CMU002177F,HAPLOTIG

CMU000126F,PRIMARY -> CMU002055F,REPEAT

CMU000124F,PRIMARY -> CMU003099F,HAPLOTIG

CMU000129F,PRIMARY -> CMU003200F,HAPLOTIG

CMU000119F,PRIMARY -> CMU002009F,HAPLOTIG

CMU000133F,PRIMARY -> CMU002563F,HAPLOTIG
                   -> CMU002621F,HAPLOTIG

CMU000131F,PRIMARY -> CMU001984F,HAPLOTIG

CMU000153F,PRIMARY -> CMU001450F,HAPLOTIG

CMU000139F,PRIMARY -> CMU001665F,HAPLOTIG

CMU000128F,PRIMARY -> CMU002162F,REPEAT
                   -> CMU002735F,REPEAT
                   -> CMU002766F,HAPLOTIG
                   -> CMU003446F,REPEAT

CMU000011F,PRIMARY -> CMU001431F,HAPLOTIG
                   -> CMU002305F,HAPLOTIG

CMU000140F,PRIMARY -> CMU001414F,HAPLOTIG
                   -> CMU003007F,HAPLOTIG
                   -> CMU003051F,HAPLOTIG

CMU000127F,PRIMARY -> CMU000558F,HAPLOTIG
                   -> CMU001769F,HAPLOTIG
                   -> CMU001481F,HAPLOTIG

CMU000137F,PRIMARY -> CMU002857F,HAPLOTIG

CMU000142F,PRIMARY -> CMU002215F,HAPLOTIG

CMU000134F,PRIMARY -> CMU002197F,REPEAT
                   -> CMU002555F,HAPLOTIG
                   -> CMU002796F,HAPLOTIG
                   -> CMU002633F,HAPLOTIG
                   -> CMU002509F,HAPLOTIG
                   -> CMU002816F,HAPLOTIG

CMU000149F,PRIMARY -> CMU001263F,HAPLOTIG
                   -> CMU002521F,HAPLOTIG

CMU000138F,PRIMARY -> CMU000439F,HAPLOTIG

CMU000146F,PRIMARY -> CMU000846F,HAPLOTIG

CMU000130F,PRIMARY -> CMU002052F,HAPLOTIG
                   -> CMU001459F,HAPLOTIG

CMU000163F,PRIMARY -> CMU003003F,REPEAT

CMU000159F,PRIMARY -> CMU001213F,HAPLOTIG

CMU000150F,PRIMARY -> CMU001579F,HAPLOTIG

CMU000144F,PRIMARY -> CMU002773F,HAPLOTIG

CMU000156F,PRIMARY -> CMU001195F,HAPLOTIG
                   -> CMU001729F,HAPLOTIG

CMU000154F,PRIMARY -> CMU002644F,HAPLOTIG

CMU000143F,PRIMARY -> CMU002627F,HAPLOTIG
                   -> CMU003103F,REPEAT

CMU000122F,PRIMARY -> CMU002764F,HAPLOTIG
                   -> CMU002484F,REPEAT

CMU000174F,PRIMARY -> CMU002813F,HAPLOTIG

CMU000165F,PRIMARY -> CMU001671F,HAPLOTIG

CMU000162F,PRIMARY -> CMU001156F,HAPLOTIG
                   -> CMU001683F,HAPLOTIG
                   -> CMU001740F,HAPLOTIG

CMU000181F,PRIMARY -> CMU002854F,HAPLOTIG

CMU000164F,PRIMARY -> CMU002190F,REPEAT

CMU000184F,PRIMARY -> CMU000990F,HAPLOTIG
                   -> CMU002738F,HAPLOTIG

CMU000167F,PRIMARY -> CMU002867F,HAPLOTIG

CMU000202F,PRIMARY -> CMU002755F,HAPLOTIG
                   -> CMU002624F,HAPLOTIG

CMU000169F,PRIMARY -> CMU003019F,HAPLOTIG
                   -> CMU003100F,HAPLOTIG

CMU000166F,PRIMARY -> CMU002931F,REPEAT

CMU000179F,PRIMARY -> CMU000920F,HAPLOTIG
                   -> CMU001930F,HAPLOTIG

CMU000161F,PRIMARY -> CMU002747F,HAPLOTIG
                   -> CMU002722F,HAPLOTIG

CMU000171F,PRIMARY -> CMU001437F,HAPLOTIG

CMU000182F,PRIMARY -> CMU002166F,HAPLOTIG

CMU000192F,PRIMARY -> CMU002271F,HAPLOTIG
                   -> CMU002669F,HAPLOTIG

CMU000189F,PRIMARY -> CMU001547F,HAPLOTIG
                   -> CMU002198F,HAPLOTIG
                   -> CMU003206F,REPEAT

CMU000173F,PRIMARY -> CMU002297F,HAPLOTIG

CMU000178F,PRIMARY -> CMU001892F,HAPLOTIG
                   -> CMU001912F,HAPLOTIG

CMU000195F,PRIMARY -> CMU002508F,HAPLOTIG

CMU000168F,PRIMARY -> CMU002080F,REPEAT

CMU000197F,PRIMARY -> CMU002251F,HAPLOTIG
                   -> CMU002533F,HAPLOTIG

CMU000194F,PRIMARY -> CMU001262F,HAPLOTIG
                   -> CMU002272F,HAPLOTIG

CMU000205F,PRIMARY -> CMU002087F,HAPLOTIG

CMU000204F,PRIMARY -> CMU001081F,HAPLOTIG
                   -> CMU001595F,HAPLOTIG

CMU000201F,PRIMARY -> CMU001890F,HAPLOTIG
                   -> CMU002013F,HAPLOTIG

CMU000190F,PRIMARY -> CMU000459F,HAPLOTIG

CMU000177F,PRIMARY -> CMU002113F,HAPLOTIG

CMU000196F,PRIMARY -> CMU002414F,HAPLOTIG

CMU000207F,PRIMARY -> CMU002688F,HAPLOTIG

CMU000199F,PRIMARY -> CMU002468F,REPEAT
                   -> CMU003121F,HAPLOTIG
                   -> CMU003080F,HAPLOTIG

CMU000216F,PRIMARY -> CMU002284F,HAPLOTIG

CMU000209F,PRIMARY -> CMU002398F,HAPLOTIG
                   -> CMU002651F,HAPLOTIG

CMU000200F,PRIMARY -> CMU001211F,REPEAT
                   -> CMU001704F,HAPLOTIG

CMU000217F,PRIMARY -> CMU001119F,HAPLOTIG
                   -> CMU001392F,HAPLOTIG
                   -> CMU001457F,HAPLOTIG
                   -> CMU002176F,REPEAT
                   -> CMU002475F,HAPLOTIG

CMU000203F,PRIMARY -> CMU001822F,HAPLOTIG

CMU000180F,PRIMARY -> CMU002458F,HAPLOTIG
                   -> CMU003550F,REPEAT

CMU000222F,PRIMARY -> CMU003145F,HAPLOTIG

CMU000248F,PRIMARY -> CMU001925F,HAPLOTIG

CMU000221F,PRIMARY -> CMU000751F,REPEAT
                   -> CMU001834F,REPEAT
                   -> CMU002000F,REPEAT
                   -> CMU002229F,REPEAT
                   -> CMU002896F,REPEAT

CMU000237F,PRIMARY -> CMU001337F,HAPLOTIG
                   -> CMU001881F,HAPLOTIG

CMU000219F,PRIMARY -> CMU002132F,HAPLOTIG

CMU000233F,PRIMARY -> CMU002554F,REPEAT

CMU000232F,PRIMARY -> CMU002967F,REPEAT

CMU000214F,PRIMARY -> CMU001374F,HAPLOTIG
                   -> CMU001734F,HAPLOTIG
                   -> CMU003068F,REPEAT
                   -> CMU003467F,REPEAT

CMU000250F,PRIMARY -> CMU002203F,HAPLOTIG
                   -> CMU001043F,HAPLOTIG

CMU000252F,PRIMARY -> CMU000865F,HAPLOTIG
                   -> CMU001275F,HAPLOTIG

CMU000247F,PRIMARY -> CMU001034F,HAPLOTIG

CMU000228F,PRIMARY -> CMU002505F,HAPLOTIG

CMU000243F,PRIMARY -> CMU002807F,REPEAT
                   -> CMU003008F,HAPLOTIG
                   -> CMU003602F,REPEAT

CMU000223F,PRIMARY -> CMU002767F,HAPLOTIG
                   -> CMU002789F,REPEAT
                   -> CMU002811F,HAPLOTIG
                   -> CMU002998F,HAPLOTIG
                   -> CMU003083F,HAPLOTIG

CMU000238F,PRIMARY -> CMU003776F,HAPLOTIG

CMU000257F,PRIMARY -> CMU002367F,HAPLOTIG
                   -> CMU002418F,HAPLOTIG

CMU000218F,PRIMARY -> CMU002244F,HAPLOTIG

CMU000298F,PRIMARY -> CMU001651F,HAPLOTIG
                   -> CMU002682F,HAPLOTIG

CMU000283F,PRIMARY -> CMU003148F,HAPLOTIG

CMU000253F,PRIMARY -> CMU002619F,HAPLOTIG
                   -> CMU002479F,HAPLOTIG

CMU000227F,PRIMARY -> CMU002960F,HAPLOTIG

CMU000285F,PRIMARY -> CMU002267F,REPEAT

CMU000286F,PRIMARY -> CMU001649F,HAPLOTIG

CMU000230F,PRIMARY -> CMU000905F,REPEAT

CMU000264F,PRIMARY -> CMU001800F,HAPLOTIG

CMU000293F,PRIMARY -> CMU002110F,HAPLOTIG
                   -> CMU002680F,HAPLOTIG

CMU000288F,PRIMARY -> CMU000650F,HAPLOTIG
                   -> CMU001966F,HAPLOTIG
                   -> CMU002902F,HAPLOTIG
                   -> CMU003242F,HAPLOTIG

CMU000249F,PRIMARY -> CMU001036F,REPEAT
                   -> CMU001395F,REPEAT

CMU000263F,PRIMARY -> CMU002088F,HAPLOTIG
                   -> CMU003118F,HAPLOTIG

CMU000271F,PRIMARY -> CMU000489F,HAPLOTIG
                   -> CMU003092F,HAPLOTIG

CMU000273F,PRIMARY -> CMU000942F,HAPLOTIG
                   -> CMU002403F,HAPLOTIG

CMU000275F,PRIMARY -> CMU002084F,HAPLOTIG
                   -> CMU002276F,HAPLOTIG
                   -> CMU002274F,HAPLOTIG
                   -> CMU003335F,REPEAT

CMU000262F,PRIMARY -> CMU002757F,HAPLOTIG

CMU000280F,PRIMARY -> CMU002883F,HAPLOTIG

CMU000295F,PRIMARY -> CMU002876F,HAPLOTIG

CMU000284F,PRIMARY -> CMU001407F,HAPLOTIG
                   -> CMU002269F,HAPLOTIG
                   -> CMU002904F,HAPLOTIG
                   -> CMU000652F,HAPLOTIG
                   -> CMU003036F,HAPLOTIG

CMU000282F,PRIMARY -> CMU002021F,HAPLOTIG
                   -> CMU002377F,HAPLOTIG

CMU000276F,PRIMARY -> CMU001067F,HAPLOTIG
                   -> CMU001534F,HAPLOTIG

CMU000325F,PRIMARY -> CMU001536F,HAPLOTIG

CMU000251F,PRIMARY -> CMU003476F,HAPLOTIG

CMU000308F,PRIMARY -> CMU002652F,HAPLOTIG

CMU000294F,PRIMARY -> CMU001840F,HAPLOTIG
                   -> CMU003517F,HAPLOTIG

CMU000290F,PRIMARY -> CMU001873F,HAPLOTIG
                   -> CMU002219F,HAPLOTIG

CMU000260F,PRIMARY -> CMU002574F,HAPLOTIG
                   -> CMU003352F,REPEAT

CMU000318F,PRIMARY -> CMU002712F,HAPLOTIG

CMU000287F,PRIMARY -> CMU001584F,HAPLOTIG
                   -> CMU002583F,HAPLOTIG

CMU000301F,PRIMARY -> CMU001537F,REPEAT
                   -> CMU001659F,REPEAT
                   -> CMU002003F,REPEAT
                   -> CMU002225F,REPEAT
                   -> CMU002822F,HAPLOTIG
                   -> CMU003023F,REPEAT
                   -> CMU003259F,REPEAT
                   -> CMU003382F,REPEAT

CMU000267F,PRIMARY -> CMU000977F,HAPLOTIG
                   -> CMU002230F,REPEAT

CMU000279F,PRIMARY -> CMU001489F,HAPLOTIG
                   -> CMU001764F,HAPLOTIG

CMU000299F,PRIMARY -> CMU001810F,HAPLOTIG

CMU000292F,PRIMARY -> CMU002254F,HAPLOTIG
                   -> CMU000036F,HAPLOTIG

CMU000265F,PRIMARY -> CMU001590F,HAPLOTIG
                   -> CMU002173F,HAPLOTIG
                   -> CMU002882F,HAPLOTIG

CMU000307F,PRIMARY -> CMU001766F,HAPLOTIG
                   -> CMU002032F,HAPLOTIG

CMU000303F,PRIMARY -> CMU002784F,HAPLOTIG
                   -> CMU002952F,REPEAT
                   -> CMU003144F,HAPLOTIG

CMU000302F,PRIMARY -> CMU001871F,HAPLOTIG
                   -> CMU002689F,REPEAT
                   -> CMU002727F,REPEAT
                   -> CMU002848F,REPEAT
                   -> CMU003487F,REPEAT

CMU000300F,PRIMARY -> CMU001051F,HAPLOTIG

CMU000239F,PRIMARY -> CMU002109F,HAPLOTIG

CMU000321F,PRIMARY -> CMU000889F,HAPLOTIG
                   -> CMU002347F,HAPLOTIG

CMU000333F,PRIMARY -> CMU002449F,HAPLOTIG

CMU000309F,PRIMARY -> CMU003381F,HAPLOTIG

CMU000327F,PRIMARY -> CMU001358F,REPEAT
                   -> CMU001851F,REPEAT
                   -> CMU002361F,REPEAT
                   -> CMU002237F,REPEAT
                   -> CMU003246F,REPEAT

CMU000339F,PRIMARY -> CMU001448F,HAPLOTIG

CMU000335F,PRIMARY -> CMU002074F,HAPLOTIG
                   -> CMU002612F,HAPLOTIG
                   -> CMU003326F,HAPLOTIG

CMU000316F,PRIMARY -> CMU002356F,REPEAT

CMU000344F,PRIMARY -> CMU001057F,HAPLOTIG
                   -> CMU003029F,REPEAT

CMU000375F,PRIMARY -> CMU002066F,HAPLOTIG

CMU000314F,PRIMARY -> CMU002707F,HAPLOTIG
                   -> CMU002915F,HAPLOTIG

CMU000366F,PRIMARY -> CMU002476F,HAPLOTIG
                   -> CMU002995F,HAPLOTIG
                   -> CMU003032F,HAPLOTIG

CMU000334F,PRIMARY -> CMU000752F,HAPLOTIG
                   -> CMU003284F,HAPLOTIG

CMU000332F,PRIMARY -> CMU001508F,HAPLOTIG
                   -> CMU001568F,HAPLOTIG
                   -> CMU002389F,HAPLOTIG

CMU000306F,PRIMARY -> CMU002661F,HAPLOTIG

CMU000341F,PRIMARY -> CMU001506F,HAPLOTIG
                   -> CMU002464F,HAPLOTIG

CMU000328F,PRIMARY -> CMU001389F,HAPLOTIG
                   -> CMU001609F,HAPLOTIG
                   -> CMU001717F,HAPLOTIG
                   -> CMU002212F,HAPLOTIG

CMU000337F,PRIMARY -> CMU001073F,HAPLOTIG

CMU000305F,PRIMARY -> CMU002259F,REPEAT

CMU000353F,PRIMARY -> CMU001531F,HAPLOTIG
                   -> CMU001599F,HAPLOTIG
                   -> CMU001927F,HAPLOTIG

CMU000370F,PRIMARY -> CMU002447F,REPEAT

CMU000338F,PRIMARY -> CMU001222F,HAPLOTIG

CMU000261F,PRIMARY -> CMU001808F,HAPLOTIG
                   -> CMU002994F,HAPLOTIG

CMU000361F,PRIMARY -> CMU001099F,REPEAT

CMU000310F,PRIMARY -> CMU002697F,HAPLOTIG

CMU000352F,PRIMARY -> CMU002732F,HAPLOTIG
                   -> CMU003529F,REPEAT

CMU000346F,PRIMARY -> CMU002359F,HAPLOTIG

CMU000348F,PRIMARY -> CMU001823F,HAPLOTIG

CMU000330F,PRIMARY -> CMU001560F,HAPLOTIG
                   -> CMU003368F,HAPLOTIG

CMU000319F,PRIMARY -> CMU002481F,HAPLOTIG

CMU000345F,PRIMARY -> CMU000867F,HAPLOTIG
                   -> CMU001380F,HAPLOTIG

CMU000331F,PRIMARY -> CMU001731F,HAPLOTIG
                   -> CMU002762F,HAPLOTIG
                   -> CMU003106F,HAPLOTIG

CMU000381F,PRIMARY -> CMU002138F,HAPLOTIG
                   -> CMU002451F,HAPLOTIG
                   -> CMU002693F,HAPLOTIG

CMU000340F,PRIMARY -> CMU001499F,HAPLOTIG

CMU000336F,PRIMARY -> CMU001858F,HAPLOTIG
                   -> CMU003090F,HAPLOTIG

CMU000378F,PRIMARY -> CMU002019F,REPEAT
                   -> CMU002050F,REPEAT
                   -> CMU002216F,REPEAT
                   -> CMU003525F,HAPLOTIG

CMU000270F,PRIMARY -> CMU001874F,HAPLOTIG

CMU000349F,PRIMARY -> CMU000749F,REPEAT
                   -> CMU001039F,REPEAT
                   -> CMU001378F,HAPLOTIG
                   -> CMU002670F,REPEAT
                   -> CMU003097F,REPEAT

CMU000367F,PRIMARY -> CMU002064F,HAPLOTIG
                   -> CMU002851F,HAPLOTIG

CMU000380F,PRIMARY -> CMU001075F,HAPLOTIG

CMU000357F,PRIMARY -> CMU002556F,REPEAT

CMU000362F,PRIMARY -> CMU001652F,HAPLOTIG
                   -> CMU001942F,HAPLOTIG
                   -> CMU002516F,HAPLOTIG

CMU000372F,PRIMARY -> CMU001896F,HAPLOTIG
                   -> CMU002591F,HAPLOTIG
                   -> CMU002486F,HAPLOTIG

CMU000385F,PRIMARY -> CMU003138F,HAPLOTIG

CMU000384F,PRIMARY -> CMU000888F,HAPLOTIG

CMU000313F,PRIMARY -> CMU001647F,HAPLOTIG

CMU000382F,PRIMARY -> CMU001548F,HAPLOTIG
                   -> CMU001782F,HAPLOTIG

CMU000350F,PRIMARY -> CMU001677F,HAPLOTIG
                   -> CMU002870F,REPEAT
                   -> CMU003143F,REPEAT

CMU000322F,PRIMARY -> CMU003153F,HAPLOTIG

CMU000373F,PRIMARY -> CMU002026F,HAPLOTIG

CMU000392F,PRIMARY -> CMU000764F,HAPLOTIG

CMU000393F,PRIMARY -> CMU001946F,HAPLOTIG
                   -> CMU002894F,HAPLOTIG

CMU000356F,PRIMARY -> CMU001824F,REPEAT
                   -> CMU002030F,REPEAT
                   -> CMU002863F,REPEAT

CMU000360F,PRIMARY -> CMU002660F,HAPLOTIG

CMU000379F,PRIMARY -> CMU001412F,HAPLOTIG

CMU000405F,PRIMARY -> CMU002800F,HAPLOTIG

CMU000444F,PRIMARY -> CMU002401F,HAPLOTIG

CMU000398F,PRIMARY -> CMU002485F,REPEAT
                   -> CMU002927F,REPEAT
                   -> CMU002977F,REPEAT
                   -> CMU003401F,REPEAT

CMU000369F,PRIMARY -> CMU002847F,HAPLOTIG

CMU000376F,PRIMARY -> CMU001715F,HAPLOTIG
                   -> CMU002024F,HAPLOTIG

CMU000396F,PRIMARY -> CMU001700F,REPEAT
                   -> CMU002718F,REPEAT

CMU000395F,PRIMARY -> CMU002381F,HAPLOTIG
                   -> CMU003096F,HAPLOTIG

CMU000363F,PRIMARY -> CMU000916F,HAPLOTIG
                   -> CMU002342F,HAPLOTIG
                   -> CMU002181F,REPEAT

CMU000431F,PRIMARY -> CMU001525F,HAPLOTIG
                   -> CMU001521F,HAPLOTIG
                   -> CMU001718F,HAPLOTIG
                   -> CMU002569F,HAPLOTIG

CMU000449F,PRIMARY -> CMU002192F,HAPLOTIG
                   -> CMU003150F,HAPLOTIG

CMU000403F,PRIMARY -> CMU000101F,REPEAT

CMU000402F,PRIMARY -> CMU000269F,HAPLOTIG

CMU000420F,PRIMARY -> CMU000448F,REPEAT
                   -> CMU000993F,REPEAT
                   -> CMU001519F,REPEAT
                   -> CMU001883F,REPEAT
                   -> CMU002849F,REPEAT
                   -> CMU002984F,REPEAT
                   -> CMU003122F,REPEAT
                   -> CMU003214F,REPEAT

CMU000414F,PRIMARY -> CMU001077F,HAPLOTIG
                   -> CMU002326F,HAPLOTIG

CMU000399F,PRIMARY -> CMU002413F,REPEAT
                   -> CMU002946F,HAPLOTIG

CMU000272F,PRIMARY -> CMU001098F,HAPLOTIG

CMU000421F,PRIMARY -> CMU002103F,REPEAT
                   -> CMU002663F,REPEAT

CMU000408F,PRIMARY -> CMU000434F,HAPLOTIG

CMU000451F,PRIMARY -> CMU002487F,HAPLOTIG
                   -> CMU000996F,HAPLOTIG

CMU000425F,PRIMARY -> CMU000364F,HAPLOTIG

CMU000422F,PRIMARY -> CMU002673F,HAPLOTIG

CMU000413F,PRIMARY -> CMU002456F,HAPLOTIG

CMU000427F,PRIMARY -> CMU001843F,HAPLOTIG
                   -> CMU002160F,HAPLOTIG

CMU000281F,PRIMARY -> CMU001719F,HAPLOTIG
                   -> CMU002245F,HAPLOTIG

CMU000479F,PRIMARY -> CMU000535F,HAPLOTIG

CMU000416F,PRIMARY -> CMU001603F,HAPLOTIG
                   -> CMU001953F,HAPLOTIG
                   -> CMU002233F,HAPLOTIG

CMU000443F,PRIMARY -> CMU001038F,HAPLOTIG
                   -> CMU001196F,REPEAT
                   -> CMU002472F,REPEAT

CMU000426F,PRIMARY -> CMU002506F,HAPLOTIG

CMU000417F,PRIMARY -> CMU001397F,REPEAT
                   -> CMU001429F,REPEAT
                   -> CMU002139F,REPEAT
                   -> CMU002561F,REPEAT
                   -> CMU002616F,HAPLOTIG
                   -> CMU002550F,REPEAT
                   -> CMU002886F,REPEAT
                   -> CMU003111F,REPEAT

CMU000446F,PRIMARY -> CMU002566F,REPEAT
                   -> CMU002210F,HAPLOTIG
                   -> CMU003308F,REPEAT

CMU000466F,PRIMARY -> CMU002483F,REPEAT

CMU000463F,PRIMARY -> CMU002226F,HAPLOTIG
                   -> CMU003151F,HAPLOTIG

CMU000374F,PRIMARY -> CMU001797F,HAPLOTIG

CMU000436F,PRIMARY -> CMU001364F,HAPLOTIG
                   -> CMU002118F,REPEAT

CMU000475F,PRIMARY -> CMU000573F,HAPLOTIG

CMU000490F,PRIMARY -> CMU001921F,HAPLOTIG

CMU000456F,PRIMARY -> CMU002836F,HAPLOTIG

CMU000450F,PRIMARY -> CMU003039F,REPEAT
                   -> CMU002938F,HAPLOTIG

CMU000457F,PRIMARY -> CMU001143F,HAPLOTIG
                   -> CMU001507F,HAPLOTIG
                   -> CMU003077F,HAPLOTIG

CMU000453F,PRIMARY -> CMU002382F,HAPLOTIG

CMU000464F,PRIMARY -> CMU002733F,HAPLOTIG

CMU000478F,PRIMARY -> CMU001134F,HAPLOTIG
                   -> CMU001941F,HAPLOTIG

CMU000424F,PRIMARY -> CMU000013F,HAPLOTIG

CMU000480F,PRIMARY -> CMU003442F,REPEAT

CMU000461F,PRIMARY -> CMU002156F,HAPLOTIG

CMU000452F,PRIMARY -> CMU002281F,HAPLOTIG
                   -> CMU002632F,HAPLOTIG

CMU000225F,PRIMARY -> CMU001663F,HAPLOTIG

CMU000483F,PRIMARY -> CMU001359F,HAPLOTIG
                   -> CMU001539F,HAPLOTIG
                   -> CMU001869F,HAPLOTIG

CMU000493F,PRIMARY -> CMU003102F,HAPLOTIG

CMU000503F,PRIMARY -> CMU002344F,REPEAT
                   -> CMU003320F,REPEAT

CMU000517F,PRIMARY -> CMU002951F,HAPLOTIG

CMU000524F,PRIMARY -> CMU001586F,HAPLOTIG
                   -> CMU002257F,REPEAT
                   -> CMU002698F,HAPLOTIG

CMU000534F,PRIMARY -> CMU003417F,REPEAT

CMU000484F,PRIMARY -> CMU001223F,HAPLOTIG

CMU000476F,PRIMARY -> CMU000485F,HAPLOTIG

CMU000481F,PRIMARY -> CMU001889F,HAPLOTIG
                   -> CMU003244F,HAPLOTIG

CMU000512F,PRIMARY -> CMU003132F,REPEAT

CMU000494F,PRIMARY -> CMU001488F,HAPLOTIG

CMU000526F,PRIMARY -> CMU002702F,HAPLOTIG

CMU000445F,PRIMARY -> CMU001922F,HAPLOTIG
                   -> CMU002188F,HAPLOTIG

CMU000515F,PRIMARY -> CMU002006F,HAPLOTIG
                   -> CMU002875F,HAPLOTIG

CMU000501F,PRIMARY -> CMU002974F,REPEAT
                   -> CMU003216F,HAPLOTIG

CMU000531F,PRIMARY -> CMU001749F,HAPLOTIG
                   -> CMU002207F,HAPLOTIG
                   -> CMU002363F,HAPLOTIG

CMU000533F,PRIMARY -> CMU001015F,HAPLOTIG

CMU000499F,PRIMARY -> CMU002051F,REPEAT
                   -> CMU002920F,HAPLOTIG
                   -> CMU003030F,REPEAT

CMU000491F,PRIMARY -> CMU001360F,HAPLOTIG
                   -> CMU001956F,HAPLOTIG
                   -> CMU002392F,HAPLOTIG

CMU000518F,PRIMARY -> CMU002137F,REPEAT
                   -> CMU002331F,REPEAT

CMU000519F,PRIMARY -> CMU002823F,HAPLOTIG

CMU000527F,PRIMARY -> CMU002310F,HAPLOTIG
                   -> CMU000581F,HAPLOTIG

CMU000537F,PRIMARY -> CMU001895F,HAPLOTIG

CMU000570F,PRIMARY -> CMU002462F,HAPLOTIG

CMU000554F,PRIMARY -> CMU001576F,REPEAT
                   -> CMU002622F,REPEAT
                   -> CMU003293F,REPEAT
                   -> CMU003424F,HAPLOTIG

CMU000566F,PRIMARY -> CMU001310F,HAPLOTIG

CMU000549F,PRIMARY -> CMU001955F,HAPLOTIG
                   -> CMU002656F,HAPLOTIG
                   -> CMU002500F,HAPLOTIG
                   -> CMU002930F,HAPLOTIG

CMU000412F,PRIMARY -> CMU002424F,HAPLOTIG

CMU000565F,PRIMARY -> CMU002492F,REPEAT

CMU000568F,PRIMARY -> CMU001784F,HAPLOTIG
                   -> CMU001830F,HAPLOTIG
                   -> CMU002855F,HAPLOTIG

CMU000654F,PRIMARY -> CMU001174F,HAPLOTIG
                   -> CMU001849F,REPEAT

CMU000582F,PRIMARY -> CMU002145F,HAPLOTIG
                   -> CMU002095F,HAPLOTIG

CMU000585F,PRIMARY -> CMU002997F,HAPLOTIG

CMU000559F,PRIMARY -> CMU001581F,HAPLOTIG
                   -> CMU002498F,HAPLOTIG
                   -> CMU002976F,HAPLOTIG

CMU000562F,PRIMARY -> CMU003666F,REPEAT

CMU000599F,PRIMARY -> CMU002820F,HAPLOTIG

CMU000594F,PRIMARY -> CMU003108F,HAPLOTIG

CMU000543F,PRIMARY -> CMU003564F,HAPLOTIG

CMU000586F,PRIMARY -> CMU001498F,HAPLOTIG
                   -> CMU003339F,REPEAT
                   -> CMU003389F,REPEAT
                   -> CMU003415F,REPEAT
                   -> CMU003494F,HAPLOTIG

CMU000579F,PRIMARY -> CMU002446F,HAPLOTIG

CMU000234F,PRIMARY -> CMU002557F,HAPLOTIG

CMU000548F,PRIMARY -> CMU002434F,REPEAT
                   -> CMU002937F,REPEAT

CMU000595F,PRIMARY -> CMU001998F,HAPLOTIG

CMU000598F,PRIMARY -> CMU002611F,HAPLOTIG
                   -> CMU002752F,REPEAT

CMU000596F,PRIMARY -> CMU002761F,REPEAT

CMU000569F,PRIMARY -> CMU001658F,HAPLOTIG

CMU000590F,PRIMARY -> CMU002362F,HAPLOTIG
                   -> CMU002781F,HAPLOTIG

CMU000620F,PRIMARY -> CMU001841F,REPEAT
                   -> CMU002415F,REPEAT
                   -> CMU002620F,REPEAT
                   -> CMU002266F,REPEAT
                   -> CMU002639F,REPEAT

CMU000589F,PRIMARY -> CMU001969F,HAPLOTIG
                   -> CMU002653F,HAPLOTIG

CMU000404F,PRIMARY -> CMU002056F,HAPLOTIG
                   -> CMU002153F,HAPLOTIG
                   -> CMU002313F,REPEAT
                   -> CMU003410F,HAPLOTIG

CMU000622F,PRIMARY -> CMU001338F,HAPLOTIG
                   -> CMU001697F,REPEAT

CMU000571F,PRIMARY -> CMU001460F,HAPLOTIG
                   -> CMU002036F,HAPLOTIG

CMU000601F,PRIMARY -> CMU002835F,HAPLOTIG
                   -> CMU003286F,HAPLOTIG

CMU000576F,PRIMARY -> CMU002364F,HAPLOTIG

CMU000610F,PRIMARY -> CMU002488F,REPEAT
                   -> CMU002410F,REPEAT

CMU000623F,PRIMARY -> CMU002459F,HAPLOTIG

CMU000641F,PRIMARY -> CMU001598F,HAPLOTIG

CMU000656F,PRIMARY -> CMU002529F,HAPLOTIG
                   -> CMU002674F,HAPLOTIG

CMU000616F,PRIMARY -> CMU002340F,HAPLOTIG

CMU000667F,PRIMARY -> CMU001042F,HAPLOTIG
                   -> CMU002610F,REPEAT
                   -> CMU002895F,HAPLOTIG
                   -> CMU002643F,HAPLOTIG

CMU000681F,PRIMARY -> CMU002501F,HAPLOTIG

CMU000628F,PRIMARY -> CMU002247F,HAPLOTIG

CMU000626F,PRIMARY -> CMU000945F,REPEAT
                   -> CMU002386F,HAPLOTIG
                   -> CMU002422F,REPEAT

CMU000615F,PRIMARY -> CMU002358F,HAPLOTIG
                   -> CMU002531F,HAPLOTIG

CMU000633F,PRIMARY -> CMU002163F,HAPLOTIG

CMU000606F,PRIMARY -> CMU002788F,HAPLOTIG

CMU000639F,PRIMARY -> CMU001714F,HAPLOTIG
                   -> CMU002238F,HAPLOTIG

CMU000607F,PRIMARY -> CMU002164F,HAPLOTIG

CMU000612F,PRIMARY -> CMU002282F,HAPLOTIG

CMU000677F,PRIMARY -> CMU000887F,REPEAT
                   -> CMU002315F,REPEAT
                   -> CMU003005F,REPEAT

CMU000603F,PRIMARY -> CMU001136F,HAPLOTIG

CMU000629F,PRIMARY -> CMU000713F,HAPLOTIG

CMU000600F,PRIMARY -> CMU002368F,HAPLOTIG

CMU000653F,PRIMARY -> CMU003058F,HAPLOTIG

CMU000611F,PRIMARY -> CMU002028F,HAPLOTIG

CMU000720F,PRIMARY -> CMU003093F,HAPLOTIG

CMU000664F,PRIMARY -> CMU000814F,HAPLOTIG

CMU000674F,PRIMARY -> CMU001566F,HAPLOTIG
                   -> CMU002658F,HAPLOTIG

CMU000617F,PRIMARY -> CMU001202F,HAPLOTIG
                   -> CMU003050F,HAPLOTIG

CMU000682F,PRIMARY -> CMU001801F,HAPLOTIG
                   -> CMU002174F,HAPLOTIG

CMU000644F,PRIMARY -> CMU001656F,HAPLOTIG

CMU000648F,PRIMARY -> CMU002213F,HAPLOTIG

CMU000689F,PRIMARY -> CMU003222F,HAPLOTIG

CMU000675F,PRIMARY -> CMU002805F,HAPLOTIG

CMU000690F,PRIMARY -> CMU002072F,HAPLOTIG

CMU000624F,PRIMARY -> CMU003114F,HAPLOTIG

CMU000522F,PRIMARY -> CMU001391F,HAPLOTIG
                   -> CMU002180F,HAPLOTIG
                   -> CMU003674F,REPEAT

CMU000651F,PRIMARY -> CMU001381F,HAPLOTIG

CMU000692F,PRIMARY -> CMU002304F,HAPLOTIG
                   -> CMU003049F,HAPLOTIG

CMU000711F,PRIMARY -> CMU000795F,HAPLOTIG
                   -> CMU002715F,HAPLOTIG

CMU000697F,PRIMARY -> CMU002179F,REPEAT

CMU000722F,PRIMARY -> CMU002380F,HAPLOTIG

CMU000700F,PRIMARY -> CMU001403F,HAPLOTIG

CMU000698F,PRIMARY -> CMU003101F,HAPLOTIG
                   -> CMU003064F,HAPLOTIG

CMU000736F,PRIMARY -> CMU002130F,HAPLOTIG

CMU000734F,PRIMARY -> CMU001893F,HAPLOTIG
                   -> CMU002637F,HAPLOTIG
                   -> CMU002901F,HAPLOTIG

CMU000741F,PRIMARY -> CMU001846F,HAPLOTIG

CMU000719F,PRIMARY -> CMU003075F,REPEAT

CMU000766F,PRIMARY -> CMU001501F,HAPLOTIG

CMU000721F,PRIMARY -> CMU002049F,HAPLOTIG

CMU000724F,PRIMARY -> CMU003010F,HAPLOTIG
                   -> CMU002939F,HAPLOTIG

CMU000712F,PRIMARY -> CMU002601F,HAPLOTIG

CMU000747F,PRIMARY -> CMU003177F,REPEAT

CMU000761F,PRIMARY -> CMU001757F,HAPLOTIG
                   -> CMU002387F,REPEAT

CMU000684F,PRIMARY -> CMU002726F,HAPLOTIG

CMU000706F,PRIMARY -> CMU002628F,HAPLOTIG

CMU000740F,PRIMARY -> CMU001420F,HAPLOTIG

CMU000744F,PRIMARY -> CMU003105F,REPEAT
                   -> CMU003405F,HAPLOTIG

CMU000799F,PRIMARY -> CMU002638F,HAPLOTIG

CMU000738F,PRIMARY -> CMU002880F,HAPLOTIG

CMU000733F,PRIMARY -> CMU002463F,REPEAT
                   -> CMU003004F,REPEAT

CMU000756F,PRIMARY -> CMU002131F,HAPLOTIG

CMU000762F,PRIMARY -> CMU002911F,HAPLOTIG

CMU000709F,PRIMARY -> CMU002910F,HAPLOTIG

CMU000701F,PRIMARY -> CMU002102F,HAPLOTIG
                   -> CMU002275F,HAPLOTIG
                   -> CMU002402F,HAPLOTIG

CMU000790F,PRIMARY -> CMU002025F,HAPLOTIG

CMU000737F,PRIMARY -> CMU002866F,HAPLOTIG

CMU000757F,PRIMARY -> CMU002777F,HAPLOTIG
                   -> CMU003354F,HAPLOTIG

CMU000728F,PRIMARY -> CMU003408F,REPEAT

CMU000794F,PRIMARY -> CMU002642F,HAPLOTIG

CMU000785F,PRIMARY -> CMU001233F,HAPLOTIG
                   -> CMU002186F,HAPLOTIG

CMU000801F,PRIMARY -> CMU002859F,HAPLOTIG

CMU000730F,PRIMARY -> CMU002657F,HAPLOTIG

CMU000758F,PRIMARY -> CMU001670F,HAPLOTIG

CMU000754F,PRIMARY -> CMU002625F,HAPLOTIG

CMU000791F,PRIMARY -> CMU001743F,HAPLOTIG
                   -> CMU002399F,HAPLOTIG

CMU000748F,PRIMARY -> CMU001266F,REPEAT
                   -> CMU001712F,REPEAT
                   -> CMU002097F,REPEAT
                   -> CMU002775F,HAPLOTIG

CMU000769F,PRIMARY -> CMU002806F,HAPLOTIG

CMU000788F,PRIMARY -> CMU000833F,HAPLOTIG

CMU000786F,PRIMARY -> CMU002921F,HAPLOTIG

CMU000821F,PRIMARY -> CMU002690F,HAPLOTIG

CMU000822F,PRIMARY -> CMU002536F,HAPLOTIG

CMU000647F,PRIMARY -> CMU002375F,HAPLOTIG
                   -> CMU002850F,HAPLOTIG

CMU000725F,PRIMARY -> CMU002662F,HAPLOTIG

CMU000803F,PRIMARY -> CMU002603F,HAPLOTIG

CMU000848F,PRIMARY -> CMU001632F,HAPLOTIG

CMU000765F,PRIMARY -> CMU001270F,HAPLOTIG

CMU000778F,PRIMARY -> CMU002249F,HAPLOTIG

CMU000879F,PRIMARY -> CMU002300F,HAPLOTIG
                   -> CMU002769F,HAPLOTIG

CMU000802F,PRIMARY -> CMU003188F,REPEAT

CMU000809F,PRIMARY -> CMU001280F,HAPLOTIG

CMU000866F,PRIMARY -> CMU002360F,REPEAT

CMU000842F,PRIMARY -> CMU003654F,REPEAT

CMU000838F,PRIMARY -> CMU001335F,HAPLOTIG

CMU000818F,PRIMARY -> CMU001436F,HAPLOTIG
                   -> CMU002956F,HAPLOTIG

CMU000708F,PRIMARY -> CMU002420F,REPEAT
                   -> CMU002864F,REPEAT
                   -> CMU002654F,REPEAT

CMU000856F,PRIMARY -> CMU001020F,REPEAT
                   -> CMU002580F,HAPLOTIG

CMU000884F,PRIMARY -> CMU001605F,HAPLOTIG
                   -> CMU001815F,REPEAT
                   -> CMU002878F,HAPLOTIG
                   -> CMU003178F,REPEAT

CMU000850F,PRIMARY -> CMU001115F,REPEAT
                   -> CMU002007F,REPEAT
                   -> CMU002335F,REPEAT
                   -> CMU002470F,REPEAT
                   -> CMU002493F,HAPLOTIG
                   -> CMU002444F,REPEAT
                   -> CMU002553F,REPEAT
                   -> CMU002520F,REPEAT
                   -> CMU002503F,REPEAT
                   -> CMU002474F,REPEAT
                   -> CMU003059F,REPEAT
                   -> CMU002954F,REPEAT
                   -> CMU003198F,REPEAT

CMU000836F,PRIMARY -> CMU001530F,REPEAT

CMU000835F,PRIMARY -> CMU002626F,HAPLOTIG
                   -> CMU002993F,REPEAT

CMU000861F,PRIMARY -> CMU001736F,HAPLOTIG
                   -> CMU002406F,HAPLOTIG
                   -> CMU003477F,HAPLOTIG

CMU000860F,PRIMARY -> CMU001244F,HAPLOTIG

CMU000827F,PRIMARY -> CMU001479F,REPEAT
                   -> CMU001640F,REPEAT
                   -> CMU001635F,REPEAT
                   -> CMU002133F,REPEAT
                   -> CMU002650F,HAPLOTIG
                   -> CMU002753F,REPEAT
                   -> CMU002942F,REPEAT

CMU000851F,PRIMARY -> CMU002128F,HAPLOTIG

CMU000817F,PRIMARY -> CMU001806F,HAPLOTIG
                   -> CMU002047F,HAPLOTIG

CMU000843F,PRIMARY -> CMU003016F,HAPLOTIG

CMU000800F,PRIMARY -> CMU002831F,HAPLOTIG

CMU000797F,PRIMARY -> CMU001502F,REPEAT
                   -> CMU002100F,REPEAT
                   -> CMU002273F,REPEAT
                   -> CMU002818F,HAPLOTIG

CMU000812F,PRIMARY -> CMU002567F,HAPLOTIG
                   -> CMU003169F,HAPLOTIG

CMU000810F,PRIMARY -> CMU002171F,REPEAT

CMU000877F,PRIMARY -> CMU000987F,HAPLOTIG

CMU000855F,PRIMARY -> CMU001170F,HAPLOTIG
                   -> CMU002532F,HAPLOTIG

CMU001000F,PRIMARY -> CMU002302F,HAPLOTIG

CMU000857F,PRIMARY -> CMU002199F,REPEAT

CMU000873F,PRIMARY -> CMU002189F,HAPLOTIG

CMU000871F,PRIMARY -> CMU003223F,REPEAT

CMU000547F,PRIMARY -> CMU000365F,HAPLOTIG

CMU000929F,PRIMARY -> CMU002614F,HAPLOTIG
                   -> CMU002787F,HAPLOTIG
                   -> CMU002969F,HAPLOTIG

CMU000864F,PRIMARY -> CMU001884F,REPEAT
                   -> CMU003069F,HAPLOTIG

CMU000901F,PRIMARY -> CMU002108F,HAPLOTIG

CMU000847F,PRIMARY -> CMU002874F,HAPLOTIG

CMU000903F,PRIMARY -> CMU002538F,HAPLOTIG

CMU000919F,PRIMARY -> CMU001106F,HAPLOTIG

CMU000895F,PRIMARY -> CMU000760F,REPEAT
                   -> CMU001751F,REPEAT
                   -> CMU002819F,REPEAT

CMU000882F,PRIMARY -> CMU002480F,HAPLOTIG

CMU000904F,PRIMARY -> CMU001047F,HAPLOTIG
                   -> CMU002685F,HAPLOTIG

CMU000950F,PRIMARY -> CMU001085F,HAPLOTIG
                   -> CMU001567F,HAPLOTIG
                   -> CMU002617F,REPEAT
                   -> CMU002631F,REPEAT
                   -> CMU002972F,REPEAT

CMU000948F,PRIMARY -> CMU002306F,HAPLOTIG
                   -> CMU002278F,HAPLOTIG

CMU000975F,PRIMARY -> CMU002834F,HAPLOTIG
                   -> CMU002893F,HAPLOTIG

CMU000875F,PRIMARY -> CMU002987F,HAPLOTIG

CMU000924F,PRIMARY -> CMU001616F,HAPLOTIG
                   -> CMU003628F,HAPLOTIG

CMU000874F,PRIMARY -> CMU002964F,HAPLOTIG

CMU000922F,PRIMARY -> CMU002151F,HAPLOTIG
                   -> CMU002562F,HAPLOTIG

CMU000894F,PRIMARY -> CMU003232F,HAPLOTIG

CMU000958F,PRIMARY -> CMU002373F,HAPLOTIG
                   -> CMU003292F,REPEAT
                   -> CMU003431F,REPEAT
                   -> CMU003509F,REPEAT

CMU000939F,PRIMARY -> CMU000915F,HAPLOTIG

CMU000952F,PRIMARY -> CMU001463F,HAPLOTIG
                   -> CMU002581F,HAPLOTIG

CMU000935F,PRIMARY -> CMU002679F,HAPLOTIG

CMU000943F,PRIMARY -> CMU002681F,HAPLOTIG

CMU000891F,PRIMARY -> CMU002428F,HAPLOTIG
                   -> CMU003119F,REPEAT

CMU000956F,PRIMARY -> CMU002307F,HAPLOTIG
                   -> CMU002559F,HAPLOTIG
                   -> CMU003481F,HAPLOTIG

CMU000912F,PRIMARY -> CMU001866F,REPEAT

CMU000947F,PRIMARY -> CMU002283F,HAPLOTIG

CMU000965F,PRIMARY -> CMU001901F,HAPLOTIG

CMU000858F,PRIMARY -> CMU003035F,REPEAT

CMU000957F,PRIMARY -> CMU002573F,HAPLOTIG

CMU000994F,PRIMARY -> CMU003291F,HAPLOTIG

CMU000999F,PRIMARY -> CMU001791F,REPEAT

CMU001022F,PRIMARY -> CMU001253F,HAPLOTIG
                   -> CMU001774F,REPEAT

CMU001005F,PRIMARY -> CMU002322F,HAPLOTIG

CMU001088F,PRIMARY -> CMU002312F,REPEAT
                   -> CMU002900F,REPEAT
                   -> CMU003175F,REPEAT
                   -> CMU003258F,REPEAT
                   -> CMU003364F,REPEAT

CMU001010F,PRIMARY -> CMU001744F,HAPLOTIG

CMU000998F,PRIMARY -> CMU003088F,REPEAT

CMU000971F,PRIMARY -> CMU002526F,HAPLOTIG

CMU000981F,PRIMARY -> CMU003041F,HAPLOTIG

CMU000970F,PRIMARY -> CMU002686F,HAPLOTIG

CMU000988F,PRIMARY -> CMU002711F,HAPLOTIG
                   -> CMU002833F,REPEAT

CMU000960F,PRIMARY -> CMU002947F,REPEAT

CMU001044F,PRIMARY -> CMU002041F,HAPLOTIG

CMU000946F,PRIMARY -> CMU002495F,HAPLOTIG

CMU001076F,PRIMARY -> CMU001153F,HAPLOTIG

CMU001016F,PRIMARY -> CMU002220F,HAPLOTIG
                   -> CMU002772F,HAPLOTIG

CMU001060F,PRIMARY -> CMU001370F,HAPLOTIG
                   -> CMU001691F,HAPLOTIG

CMU001024F,PRIMARY -> CMU003158F,HAPLOTIG

CMU001017F,PRIMARY -> CMU001447F,HAPLOTIG

CMU001064F,PRIMARY -> CMU002549F,HAPLOTIG

CMU001108F,PRIMARY -> CMU002564F,HAPLOTIG

CMU001107F,PRIMARY -> CMU001802F,HAPLOTIG
                   -> CMU001981F,HAPLOTIG
                   -> CMU002337F,HAPLOTIG

CMU001101F,PRIMARY -> CMU001328F,HAPLOTIG

CMU001002F,PRIMARY -> CMU003421F,HAPLOTIG

CMU001165F,PRIMARY -> CMU002986F,HAPLOTIG

CMU001102F,PRIMARY -> CMU002144F,HAPLOTIG

CMU001031F,PRIMARY -> CMU002390F,HAPLOTIG
                   -> CMU002514F,HAPLOTIG

CMU001111F,PRIMARY -> CMU001375F,REPEAT

CMU001041F,PRIMARY -> CMU002659F,HAPLOTIG

CMU001046F,PRIMARY -> CMU002725F,HAPLOTIG

CMU001012F,PRIMARY -> CMU002729F,HAPLOTIG

CMU000973F,PRIMARY -> CMU002655F,HAPLOTIG

CMU001117F,PRIMARY -> CMU001336F,HAPLOTIG
                   -> CMU001938F,HAPLOTIG

CMU001112F,PRIMARY -> CMU001129F,HAPLOTIG

CMU000885F,PRIMARY -> CMU002602F,HAPLOTIG
                   -> CMU003089F,HAPLOTIG

CMU001050F,PRIMARY -> CMU001991F,HAPLOTIG

CMU001072F,PRIMARY -> CMU001986F,HAPLOTIG
                   -> CMU002149F,HAPLOTIG
                   -> CMU002443F,HAPLOTIG
                   -> CMU002881F,HAPLOTIG

CMU001011F,PRIMARY -> CMU003409F,REPEAT

CMU001144F,PRIMARY -> CMU002011F,HAPLOTIG

CMU001027F,PRIMARY -> CMU001192F,REPEAT
                   -> CMU000918F,REPEAT

CMU001094F,PRIMARY -> CMU002343F,HAPLOTIG

CMU001063F,PRIMARY -> CMU001693F,HAPLOTIG

CMU001070F,PRIMARY -> CMU001828F,HAPLOTIG

CMU001191F,PRIMARY -> CMU002325F,HAPLOTIG

CMU001142F,PRIMARY -> CMU001059F,HAPLOTIG

CMU001128F,PRIMARY -> CMU001826F,HAPLOTIG

CMU001090F,PRIMARY -> CMU002155F,HAPLOTIG
                   -> CMU002587F,REPEAT

CMU001110F,PRIMARY -> CMU002716F,HAPLOTIG

CMU001123F,PRIMARY -> CMU001255F,HAPLOTIG

CMU001097F,PRIMARY -> CMU001865F,HAPLOTIG
                   -> CMU002714F,HAPLOTIG

CMU001033F,PRIMARY -> CMU002227F,HAPLOTIG

CMU001105F,PRIMARY -> CMU002200F,HAPLOTIG
                   -> CMU002600F,HAPLOTIG

CMU001114F,PRIMARY -> CMU001965F,HAPLOTIG
                   -> CMU002929F,REPEAT

CMU001154F,PRIMARY -> CMU001528F,HAPLOTIG

CMU001161F,PRIMARY -> CMU001171F,HAPLOTIG

CMU001079F,PRIMARY -> CMU003440F,REPEAT
                   -> CMU003588F,REPEAT

CMU001167F,PRIMARY -> CMU001628F,HAPLOTIG
                   -> CMU001988F,HAPLOTIG
                   -> CMU003739F,HAPLOTIG

CMU001145F,PRIMARY -> CMU001779F,HAPLOTIG

CMU001132F,PRIMARY -> CMU002512F,REPEAT

CMU001157F,PRIMARY -> CMU003251F,HAPLOTIG

CMU001169F,PRIMARY -> CMU001816F,HAPLOTIG

CMU001147F,PRIMARY -> CMU001646F,REPEAT

CMU001166F,PRIMARY -> CMU001989F,HAPLOTIG

CMU001206F,PRIMARY -> CMU001574F,HAPLOTIG
                   -> CMU002914F,HAPLOTIG

CMU001203F,PRIMARY -> CMU001682F,HAPLOTIG

CMU001138F,PRIMARY -> CMU002943F,REPEAT
                   -> CMU003285F,REPEAT

CMU001209F,PRIMARY -> CMU002240F,HAPLOTIG

CMU001158F,PRIMARY -> CMU002748F,HAPLOTIG

CMU001216F,PRIMARY -> CMU002801F,HAPLOTIG

CMU001149F,PRIMARY -> CMU001224F,HAPLOTIG

CMU001173F,PRIMARY -> CMU003390F,REPEAT
                   -> CMU003380F,REPEAT

CMU001241F,PRIMARY -> CMU001771F,HAPLOTIG

CMU001133F,PRIMARY -> CMU002598F,HAPLOTIG

CMU001159F,PRIMARY -> CMU002372F,HAPLOTIG

CMU001078F,PRIMARY -> CMU001838F,HAPLOTIG

CMU001205F,PRIMARY -> CMU002293F,HAPLOTIG

CMU001188F,PRIMARY -> CMU002477F,HAPLOTIG

CMU001151F,PRIMARY -> CMU001945F,HAPLOTIG

CMU001198F,PRIMARY -> CMU001795F,HAPLOTIG

CMU001225F,PRIMARY -> CMU001928F,HAPLOTIG

CMU001230F,PRIMARY -> CMU003218F,HAPLOTIG

CMU001221F,PRIMARY -> CMU001538F,HAPLOTIG

CMU001218F,PRIMARY -> CMU002713F,REPEAT

CMU001217F,PRIMARY -> CMU001260F,HAPLOTIG

CMU001214F,PRIMARY -> CMU002327F,HAPLOTIG

CMU001303F,PRIMARY -> CMU002334F,HAPLOTIG

CMU001279F,PRIMARY -> CMU000591F,HAPLOTIG

CMU001180F,PRIMARY -> CMU001787F,HAPLOTIG
                   -> CMU003240F,HAPLOTIG

CMU001289F,PRIMARY -> CMU001423F,HAPLOTIG

CMU001276F,PRIMARY -> CMU001818F,HAPLOTIG

CMU001277F,PRIMARY -> CMU001974F,HAPLOTIG
                   -> CMU002683F,HAPLOTIG

CMU001271F,PRIMARY -> CMU001630F,HAPLOTIG

CMU001247F,PRIMARY -> CMU002808F,HAPLOTIG

CMU001285F,PRIMARY -> CMU001316F,HAPLOTIG

CMU001272F,PRIMARY -> CMU001409F,HAPLOTIG
                   -> CMU002648F,HAPLOTIG

CMU001250F,PRIMARY -> CMU002821F,HAPLOTIG
                   -> CMU003079F,HAPLOTIG

CMU001231F,PRIMARY -> CMU002268F,HAPLOTIG

CMU001274F,PRIMARY -> CMU002845F,HAPLOTIG

CMU001320F,PRIMARY -> CMU001954F,REPEAT
                   -> CMU002023F,REPEAT

CMU001282F,PRIMARY -> CMU002067F,REPEAT

CMU001388F,PRIMARY -> CMU002541F,HAPLOTIG

CMU001322F,PRIMARY -> CMU002157F,HAPLOTIG

CMU001269F,PRIMARY -> CMU002746F,HAPLOTIG

CMU001401F,PRIMARY -> CMU001432F,HAPLOTIG
                   -> CMU001906F,REPEAT

CMU001346F,PRIMARY -> CMU002069F,HAPLOTIG
                   -> CMU002054F,REPEAT

CMU001342F,PRIMARY -> CMU002584F,HAPLOTIG

CMU001257F,PRIMARY -> CMU002161F,REPEAT

CMU001312F,PRIMARY -> CMU001484F,HAPLOTIG

CMU001365F,PRIMARY -> CMU000428F,HAPLOTIG

CMU001327F,PRIMARY -> CMU002294F,HAPLOTIG

CMU001301F,PRIMARY -> CMU002869F,HAPLOTIG

CMU001396F,PRIMARY -> CMU002817F,HAPLOTIG

CMU000702F,PRIMARY -> CMU001977F,HAPLOTIG

CMU001309F,PRIMARY -> CMU002917F,HAPLOTIG

CMU001353F,PRIMARY -> CMU003578F,HAPLOTIG

CMU001354F,PRIMARY -> CMU002770F,HAPLOTIG

CMU001294F,PRIMARY -> CMU002309F,HAPLOTIG

CMU001400F,PRIMARY -> CMU002411F,HAPLOTIG
                   -> CMU000774F,HAPLOTIG

CMU001356F,PRIMARY -> CMU002934F,HAPLOTIG

CMU001512F,PRIMARY -> CMU002589F,HAPLOTIG

CMU001299F,PRIMARY -> CMU003031F,HAPLOTIG

CMU001441F,PRIMARY -> CMU002790F,HAPLOTIG
                   -> CMU002846F,REPEAT

CMU001377F,PRIMARY -> CMU002040F,REPEAT
                   -> CMU002852F,REPEAT
                   -> CMU003457F,REPEAT

CMU001451F,PRIMARY -> CMU001812F,HAPLOTIG

CMU001416F,PRIMARY -> CMU002750F,HAPLOTIG

CMU001326F,PRIMARY -> CMU002288F,REPEAT

CMU001485F,PRIMARY -> CMU002720F,HAPLOTIG
                   -> CMU003399F,REPEAT

CMU001393F,PRIMARY -> CMU001636F,HAPLOTIG

CMU001446F,PRIMARY -> CMU001899F,REPEAT

CMU001399F,PRIMARY -> CMU001544F,REPEAT
                   -> CMU002204F,REPEAT

CMU001472F,PRIMARY -> CMU001980F,REPEAT

CMU001491F,PRIMARY -> CMU000986F,REPEAT
                   -> CMU002319F,REPEAT
                   -> CMU003311F,REPEAT
                   -> CMU003276F,REPEAT

CMU001444F,PRIMARY -> CMU002379F,HAPLOTIG

CMU001264F,PRIMARY -> CMU002768F,HAPLOTIG

CMU001443F,PRIMARY -> CMU003261F,REPEAT

CMU001467F,PRIMARY -> CMU000235F,HAPLOTIG

CMU001486F,PRIMARY -> CMU000278F,HAPLOTIG

CMU001540F,PRIMARY -> CMU001957F,HAPLOTIG

CMU001493F,PRIMARY -> CMU003071F,HAPLOTIG

CMU001561F,PRIMARY -> CMU001809F,HAPLOTIG

CMU001487F,PRIMARY -> CMU002709F,HAPLOTIG

CMU001426F,PRIMARY -> CMU002647F,HAPLOTIG

CMU001564F,PRIMARY -> CMU001837F,REPEAT
                   -> CMU003173F,REPEAT

CMU001583F,PRIMARY -> CMU002369F,HAPLOTIG

CMU001471F,PRIMARY -> CMU001793F,HAPLOTIG

CMU001424F,PRIMARY -> CMU002489F,HAPLOTIG
                   -> CMU003196F,HAPLOTIG

CMU000621F,PRIMARY -> CMU002135F,HAPLOTIG

CMU001571F,PRIMARY -> CMU002524F,HAPLOTIG

CMU001408F,PRIMARY -> CMU002794F,HAPLOTIG

CMU001427F,PRIMARY -> CMU002070F,HAPLOTIG
                   -> CMU003306F,REPEAT

CMU001439F,PRIMARY -> CMU003047F,REPEAT

CMU001411F,PRIMARY -> CMU003043F,HAPLOTIG

CMU001404F,PRIMARY -> CMU003159F,REPEAT

CMU001372F,PRIMARY -> CMU002454F,HAPLOTIG

CMU001455F,PRIMARY -> CMU002706F,HAPLOTIG

CMU001573F,PRIMARY -> CMU002419F,HAPLOTIG

CMU001518F,PRIMARY -> CMU003294F,HAPLOTIG

CMU001558F,PRIMARY -> CMU001611F,HAPLOTIG

CMU001526F,PRIMARY -> CMU002701F,HAPLOTIG

CMU001596F,PRIMARY -> CMU001662F,HAPLOTIG

CMU001551F,PRIMARY -> CMU002124F,REPEAT

CMU001657F,PRIMARY -> CMU001910F,HAPLOTIG

CMU001621F,PRIMARY -> CMU003110F,REPEAT

CMU001622F,PRIMARY -> CMU001631F,REPEAT

CMU001699F,PRIMARY -> CMU002717F,HAPLOTIG

CMU001588F,PRIMARY -> CMU002246F,HAPLOTIG

CMU001553F,PRIMARY -> CMU002996F,HAPLOTIG

CMU001578F,PRIMARY -> CMU001708F,HAPLOTIG

CMU001689F,PRIMARY -> CMU001674F,HAPLOTIG
                   -> CMU001777F,REPEAT
                   -> CMU001994F,REPEAT

CMU001675F,PRIMARY -> CMU002980F,REPEAT
                   -> CMU002953F,REPEAT
                   -> CMU003053F,REPEAT

CMU001643F,PRIMARY -> CMU002354F,HAPLOTIG

CMU001619F,PRIMARY -> CMU001761F,HAPLOTIG
                   -> CMU002224F,REPEAT

CMU001661F,PRIMARY -> CMU002292F,REPEAT
                   -> CMU002691F,HAPLOTIG
                   -> CMU002723F,HAPLOTIG

CMU001701F,PRIMARY -> CMU002758F,HAPLOTIG

CMU001593F,PRIMARY -> CMU002280F,HAPLOTIG
                   -> CMU002908F,HAPLOTIG

CMU001666F,PRIMARY -> CMU002502F,HAPLOTIG

CMU001716F,PRIMARY -> CMU002941F,HAPLOTIG

CMU001639F,PRIMARY -> CMU001687F,HAPLOTIG

CMU001833F,PRIMARY -> CMU002700F,HAPLOTIG
                   -> CMU003268F,REPEAT

CMU001698F,PRIMARY -> CMU003233F,HAPLOTIG

CMU001720F,PRIMARY -> CMU000815F,HAPLOTIG

CMU001825F,PRIMARY -> CMU002440F,HAPLOTIG

CMU001644F,PRIMARY -> CMU003157F,REPEAT
                   -> CMU003422F,REPEAT
                   -> CMU003435F,REPEAT

CMU001747F,PRIMARY -> CMU002085F,HAPLOTIG

CMU001781F,PRIMARY -> CMU002429F,REPEAT

CMU001726F,PRIMARY -> CMU002158F,HAPLOTIG

CMU001710F,PRIMARY -> CMU001940F,HAPLOTIG

CMU001862F,PRIMARY -> CMU002172F,HAPLOTIG

CMU000625F,PRIMARY -> CMU002427F,HAPLOTIG

CMU000637F,PRIMARY -> CMU002442F,HAPLOTIG

CMU001897F,PRIMARY -> CMU002395F,HAPLOTIG

CMU001721F,PRIMARY -> CMU002089F,HAPLOTIG

CMU001788F,PRIMARY -> CMU002925F,HAPLOTIG
                   -> CMU003193F,REPEAT
                   -> CMU003766F,REPEAT

CMU001864F,PRIMARY -> CMU003055F,HAPLOTIG
                   -> CMU003274F,HAPLOTIG

CMU001854F,PRIMARY -> CMU002374F,HAPLOTIG

CMU001770F,PRIMARY -> CMU003078F,HAPLOTIG
                   -> CMU003334F,REPEAT

CMU001867F,PRIMARY -> CMU002241F,HAPLOTIG
                   -> CMU002913F,HAPLOTIG
                   -> CMU002872F,HAPLOTIG

CMU001753F,PRIMARY -> CMU002441F,HAPLOTIG
                   -> CMU002579F,HAPLOTIG

CMU001610F,PRIMARY -> CMU002678F,REPEAT

CMU001752F,PRIMARY -> CMU003535F,REPEAT

CMU001068F,PRIMARY -> CMU002515F,HAPLOTIG
                   -> CMU002417F,HAPLOTIG

CMU001853F,PRIMARY -> CMU002545F,HAPLOTIG

CMU001756F,PRIMARY -> CMU001959F,HAPLOTIG

CMU002143F,PRIMARY -> CMU001373F,HAPLOTIG

CMU001978F,PRIMARY -> CMU002528F,HAPLOTIG

CMU001963F,PRIMARY -> CMU002597F,REPEAT
                   -> CMU002316F,HAPLOTIG
                   -> CMU002687F,REPEAT
                   -> CMU002571F,REPEAT
                   -> CMU002721F,REPEAT
                   -> CMU002607F,REPEAT
                   -> CMU003220F,REPEAT
                   -> CMU003226F,REPEAT

CMU001617F,PRIMARY -> CMU002552F,HAPLOTIG

CMU001773F,PRIMARY -> CMU002258F,HAPLOTIG
                   -> CMU003383F,REPEAT

CMU000683F,PRIMARY -> CMU001870F,HAPLOTIG

CMU001794F,PRIMARY -> CMU002060F,HAPLOTIG

CMU001973F,PRIMARY -> CMU001135F,HAPLOTIG

CMU001185F,PRIMARY -> CMU002510F,REPEAT

CMU001835F,PRIMARY -> CMU002590F,HAPLOTIG

CMU001807F,PRIMARY -> CMU002015F,HAPLOTIG

CMU001799F,PRIMARY -> CMU003136F,REPEAT

CMU001842F,PRIMARY -> CMU001453F,HAPLOTIG

CMU001868F,PRIMARY -> CMU001882F,HAPLOTIG

CMU002106F,PRIMARY -> CMU001468F,HAPLOTIG

CMU001917F,PRIMARY -> CMU001970F,REPEAT

CMU002012F,PRIMARY -> CMU000394F,HAPLOTIG

CMU002045F,PRIMARY -> CMU002431F,HAPLOTIG

CMU002081F,PRIMARY -> CMU002906F,HAPLOTIG

CMU002048F,PRIMARY -> CMU002405F,HAPLOTIG

CMU001983F,PRIMARY -> CMU002671F,HAPLOTIG

CMU001911F,PRIMARY -> CMU002739F,HAPLOTIG

CMU001932F,PRIMARY -> CMU002042F,HAPLOTIG

CMU001885F,PRIMARY -> CMU002115F,HAPLOTIG

CMU001937F,PRIMARY -> CMU002349F,HAPLOTIG
                   -> CMU003283F,HAPLOTIG

CMU001839F,PRIMARY -> CMU003581F,REPEAT

CMU002078F,PRIMARY -> CMU002038F,HAPLOTIG

CMU001968F,PRIMARY -> CMU003316F,HAPLOTIG

CMU001952F,PRIMARY -> CMU001967F,HAPLOTIG

CMU002014F,PRIMARY -> CMU000631F,HAPLOTIG

CMU001960F,PRIMARY -> CMU003020F,HAPLOTIG

CMU002165F,PRIMARY -> CMU002507F,REPEAT
                   -> CMU003082F,REPEAT

CMU002105F,PRIMARY -> CMU002253F,REPEAT
                   -> CMU001061F,HAPLOTIG

CMU002044F,PRIMARY -> CMU003001F,REPEAT
                   -> CMU002724F,REPEAT
                   -> CMU003295F,REPEAT

CMU002141F,PRIMARY -> CMU002667F,HAPLOTIG

CMU002020F,PRIMARY -> CMU001565F,HAPLOTIG

CMU002005F,PRIMARY -> CMU002704F,HAPLOTIG

CMU002187F,PRIMARY -> CMU002593F,HAPLOTIG

CMU002027F,PRIMARY -> CMU003433F,REPEAT

CMU002002F,PRIMARY -> CMU003455F,HAPLOTIG

CMU001176F,PRIMARY -> CMU002148F,HAPLOTIG
                   -> CMU002856F,HAPLOTIG
                   -> CMU003719F,REPEAT

CMU002061F,PRIMARY -> CMU002832F,HAPLOTIG

CMU002121F,PRIMARY -> CMU002759F,HAPLOTIG

CMU002075F,PRIMARY -> CMU002730F,REPEAT

CMU002270F,PRIMARY -> CMU002710F,HAPLOTIG

CMU001931F,PRIMARY -> CMU003255F,HAPLOTIG

CMU002353F,PRIMARY -> CMU002885F,HAPLOTIG

CMU002228F,PRIMARY -> CMU002955F,HAPLOTIG

CMU002111F,PRIMARY -> CMU002208F,HAPLOTIG
                   -> CMU003208F,REPEAT
                   -> CMU003396F,REPEAT

CMU002096F,PRIMARY -> CMU003706F,REPEAT
                   -> CMU003580F,REPEAT

CMU002277F,PRIMARY -> CMU002370F,HAPLOTIG

CMU001990F,PRIMARY -> CMU003315F,REPEAT

CMU002202F,PRIMARY -> CMU003245F,REPEAT

CMU002077F,PRIMARY -> CMU002525F,HAPLOTIG

CMU002152F,PRIMARY -> CMU002082F,HAPLOTIG

CMU002350F,PRIMARY -> CMU000710F,HAPLOTIG

CMU002265F,PRIMARY -> CMU000583F,HAPLOTIG

CMU002351F,PRIMARY -> CMU002897F,HAPLOTIG

CMU002289F,PRIMARY -> CMU000506F,HAPLOTIG

CMU002250F,PRIMARY -> CMU002957F,HAPLOTIG

CMU002426F,PRIMARY -> CMU002578F,HAPLOTIG

CMU002321F,PRIMARY -> CMU002287F,HAPLOTIG

CMU001259F,PRIMARY -> CMU002518F,HAPLOTIG

CMU002338F,PRIMARY -> CMU002799F,HAPLOTIG

CMU002341F,PRIMARY -> CMU002452F,HAPLOTIG

CMU002239F,PRIMARY -> CMU001706F,REPEAT

CMU002618F,PRIMARY -> CMU002263F,HAPLOTIG

CMU002537F,PRIMARY -> CMU002981F,HAPLOTIG

CMU002436F,PRIMARY -> CMU002665F,HAPLOTIG

CMU002182F,PRIMARY -> CMU003436F,HAPLOTIG

CMU002513F,PRIMARY -> CMU003042F,HAPLOTIG

CMU002672F,PRIMARY -> CMU002170F,HAPLOTIG

CMU002504F,PRIMARY -> CMU000989F,HAPLOTIG

CMU002409F,PRIMARY -> CMU000259F,HAPLOTIG

CMU002694F,PRIMARY -> CMU001924F,HAPLOTIG
                   -> CMU002705F,HAPLOTIG

CMU002783F,PRIMARY -> CMU000351F,HAPLOTIG

CMU002466F,PRIMARY -> CMU003179F,REPEAT

CMU002494F,PRIMARY -> CMU002629F,HAPLOTIG

CMU002604F,PRIMARY -> CMU003253F,REPEAT

CMU002645F,PRIMARY -> CMU003207F,HAPLOTIG

CMU002646F,PRIMARY -> CMU003298F,REPEAT

CMU002760F,PRIMARY -> CMU002765F,HAPLOTIG

CMU002932F,PRIMARY -> CMU003683F,REPEAT
                   -> CMU003597F,REPEAT

CMU002737F,PRIMARY -> CMU003450F,REPEAT

CMU002839F,PRIMARY -> CMU002630F,REPEAT
                   -> CMU002803F,REPEAT
                   -> CMU002909F,REPEAT
                   -> CMU003333F,REPEAT
                   -> CMU003300F,REPEAT

CMU002933F,PRIMARY -> CMU003312F,HAPLOTIG

CMU002812F,PRIMARY -> CMU003113F,HAPLOTIG

CMU002810F,PRIMARY -> CMU003221F,HAPLOTIG

CMU002978F,PRIMARY -> CMU002544F,HAPLOTIG

CMU003072F,PRIMARY -> CMU003205F,REPEAT
                   -> CMU003342F,REPEAT

CMU003227F,PRIMARY -> CMU003429F,REPEAT
                   -> CMU003451F,HAPLOTIG
                   -> CMU003717F,HAPLOTIG

CMU003180F,PRIMARY -> CMU002232F,REPEAT
                   -> CMU002779F,REPEAT
                   -> CMU002511F,REPEAT
                   -> CMU002586F,REPEAT
                   -> CMU002884F,REPEAT
                   -> CMU002719F,REPEAT
                   -> CMU002868F,REPEAT
                   -> CMU002842F,REPEAT
                   -> CMU002991F,REPEAT
                   -> CMU003185F,REPEAT
                   -> CMU003123F,REPEAT
                   -> CMU003163F,REPEAT
                   -> CMU003172F,REPEAT
                   -> CMU003155F,REPEAT
                   -> CMU003273F,REPEAT
                   -> CMU003225F,REPEAT
                   -> CMU003252F,REPEAT
                   -> CMU003331F,REPEAT
                   -> CMU003376F,REPEAT
                   -> CMU003318F,REPEAT
                   -> CMU003260F,REPEAT
                   -> CMU003305F,REPEAT
                   -> CMU003343F,REPEAT
                   -> CMU003398F,REPEAT
                   -> CMU003425F,REPEAT
                   -> CMU003391F,REPEAT
                   -> CMU003526F,REPEAT
                   -> CMU003516F,REPEAT
                   -> CMU003524F,REPEAT
                   -> CMU003441F,REPEAT
                   -> CMU003543F,REPEAT
                   -> CMU003532F,REPEAT

CMU003388F,PRIMARY -> CMU003679F,REPEAT

